Determining if the pthread_create exist failed with the following output:
Change Dir: /home/srishtiagarwal/final_project/workspace/RRT/build/CMakeFiles/CMakeTmp

Run Build Command:"/usr/bin/make" "cmTC_f13fa/fast"
/usr/bin/make -f CMakeFiles/cmTC_f13fa.dir/build.make CMakeFiles/cmTC_f13fa.dir/build
make[1]: Entering directory '/home/srishtiagarwal/final_project/workspace/RRT/build/CMakeFiles/CMakeTmp'
Building C object CMakeFiles/cmTC_f13fa.dir/CheckSymbolExists.c.o
/usr/bin/cc     -o CMakeFiles/cmTC_f13fa.dir/CheckSymbolExists.c.o   -c /home/srishtiagarwal/final_project/workspace/RRT/build/CMakeFiles/CMakeTmp/CheckSymbolExists.c
Linking C executable cmTC_f13fa
/usr/bin/cmake -E cmake_link_script CMakeFiles/cmTC_f13fa.dir/link.txt --verbose=1
/usr/bin/cc       CMakeFiles/cmTC_f13fa.dir/CheckSymbolExists.c.o  -o cmTC_f13fa -rdynamic 
CMakeFiles/cmTC_f13fa.dir/CheckSymbolExists.c.o: In function `main':
CheckSymbolExists.c:(.text+0x16): undefined reference to `pthread_create'
collect2: error: ld returned 1 exit status
CMakeFiles/cmTC_f13fa.dir/build.make:97: recipe for target 'cmTC_f13fa' failed
make[1]: *** [cmTC_f13fa] Error 1
make[1]: Leaving directory '/home/srishtiagarwal/final_project/workspace/RRT/build/CMakeFiles/CMakeTmp'
Makefile:126: recipe for target 'cmTC_f13fa/fast' failed
make: *** [cmTC_f13fa/fast] Error 2

File /home/srishtiagarwal/final_project/workspace/RRT/build/CMakeFiles/CMakeTmp/CheckSymbolExists.c:
/* */
#include <pthread.h>

int main(int argc, char** argv)
{
  (void)argv;
#ifndef pthread_create
  return ((int*)(&pthread_create))[argc];
#else
  (void)argc;
  return 0;
#endif
}

Determining if the function pthread_create exists in the pthreads failed with the following output:
Change Dir: /home/srishtiagarwal/final_project/workspace/RRT/build/CMakeFiles/CMakeTmp

Run Build Command:"/usr/bin/make" "cmTC_593cb/fast"
/usr/bin/make -f CMakeFiles/cmTC_593cb.dir/build.make CMakeFiles/cmTC_593cb.dir/build
make[1]: Entering directory '/home/srishtiagarwal/final_project/workspace/RRT/build/CMakeFiles/CMakeTmp'
Building C object CMakeFiles/cmTC_593cb.dir/CheckFunctionExists.c.o
/usr/bin/cc    -DCHECK_FUNCTION_EXISTS=pthread_create   -o CMakeFiles/cmTC_593cb.dir/CheckFunctionExists.c.o   -c /usr/share/cmake-3.5/Modules/CheckFunctionExists.c
Linking C executable cmTC_593cb
/usr/bin/cmake -E cmake_link_script CMakeFiles/cmTC_593cb.dir/link.txt --verbose=1
/usr/bin/cc   -DCHECK_FUNCTION_EXISTS=pthread_create    CMakeFiles/cmTC_593cb.dir/CheckFunctionExists.c.o  -o cmTC_593cb -rdynamic -lpthreads 
/usr/bin/ld: cannot find -lpthreads
collect2: error: ld returned 1 exit status
CMakeFiles/cmTC_593cb.dir/build.make:97: recipe for target 'cmTC_593cb' failed
make[1]: *** [cmTC_593cb] Error 1
make[1]: Leaving directory '/home/srishtiagarwal/final_project/workspace/RRT/build/CMakeFiles/CMakeTmp'
Makefile:126: recipe for target 'cmTC_593cb/fast' failed
make: *** [cmTC_593cb/fast] Error 2


