Determining if the pthread_create exist failed with the following output:
Change Dir: /home/srishtiagarwal/final_project/workspace/RRT/build/CMakeFiles/CMakeTmp

Run Build Command:"/usr/bin/make" "cmTC_de0dd/fast"
/usr/bin/make -f CMakeFiles/cmTC_de0dd.dir/build.make CMakeFiles/cmTC_de0dd.dir/build
make[1]: Entering directory '/home/srishtiagarwal/final_project/workspace/RRT/build/CMakeFiles/CMakeTmp'
Building C object CMakeFiles/cmTC_de0dd.dir/CheckSymbolExists.c.o
/usr/bin/cc     -o CMakeFiles/cmTC_de0dd.dir/CheckSymbolExists.c.o   -c /home/srishtiagarwal/final_project/workspace/RRT/build/CMakeFiles/CMakeTmp/CheckSymbolExists.c
Linking C executable cmTC_de0dd
/usr/bin/cmake -E cmake_link_script CMakeFiles/cmTC_de0dd.dir/link.txt --verbose=1
/usr/bin/cc       CMakeFiles/cmTC_de0dd.dir/CheckSymbolExists.c.o  -o cmTC_de0dd -rdynamic 
CMakeFiles/cmTC_de0dd.dir/CheckSymbolExists.c.o: In function `main':
CheckSymbolExists.c:(.text+0x16): undefined reference to `pthread_create'
collect2: error: ld returned 1 exit status
CMakeFiles/cmTC_de0dd.dir/build.make:97: recipe for target 'cmTC_de0dd' failed
make[1]: *** [cmTC_de0dd] Error 1
make[1]: Leaving directory '/home/srishtiagarwal/final_project/workspace/RRT/build/CMakeFiles/CMakeTmp'
Makefile:126: recipe for target 'cmTC_de0dd/fast' failed
make: *** [cmTC_de0dd/fast] Error 2

File /home/srishtiagarwal/final_project/workspace/RRT/build/CMakeFiles/CMakeTmp/CheckSymbolExists.c:
/* */
#include <pthread.h>

int main(int argc, char** argv)
{
  (void)argv;
#ifndef pthread_create
  return ((int*)(&pthread_create))[argc];
#else
  (void)argc;
  return 0;
#endif
}

Determining if the function pthread_create exists in the pthreads failed with the following output:
Change Dir: /home/srishtiagarwal/final_project/workspace/RRT/build/CMakeFiles/CMakeTmp

Run Build Command:"/usr/bin/make" "cmTC_d1f76/fast"
/usr/bin/make -f CMakeFiles/cmTC_d1f76.dir/build.make CMakeFiles/cmTC_d1f76.dir/build
make[1]: Entering directory '/home/srishtiagarwal/final_project/workspace/RRT/build/CMakeFiles/CMakeTmp'
Building C object CMakeFiles/cmTC_d1f76.dir/CheckFunctionExists.c.o
/usr/bin/cc    -DCHECK_FUNCTION_EXISTS=pthread_create   -o CMakeFiles/cmTC_d1f76.dir/CheckFunctionExists.c.o   -c /usr/share/cmake-3.5/Modules/CheckFunctionExists.c
Linking C executable cmTC_d1f76
/usr/bin/cmake -E cmake_link_script CMakeFiles/cmTC_d1f76.dir/link.txt --verbose=1
/usr/bin/cc   -DCHECK_FUNCTION_EXISTS=pthread_create    CMakeFiles/cmTC_d1f76.dir/CheckFunctionExists.c.o  -o cmTC_d1f76 -rdynamic -lpthreads 
/usr/bin/ld: cannot find -lpthreads
collect2: error: ld returned 1 exit status
CMakeFiles/cmTC_d1f76.dir/build.make:97: recipe for target 'cmTC_d1f76' failed
make[1]: *** [cmTC_d1f76] Error 1
make[1]: Leaving directory '/home/srishtiagarwal/final_project/workspace/RRT/build/CMakeFiles/CMakeTmp'
Makefile:126: recipe for target 'cmTC_d1f76/fast' failed
make: *** [cmTC_d1f76/fast] Error 2


